*** Transaction Log ***
ID From		ID To		Amount		Success?

94			78			1			True
99			36			1			True
72			75			1			True
10			25			1			False
12			25			1			False
48			53			1			True
1			70			1			False
79			85			1			True
10			26			1			True
5			46			1			True
28			15			1			True
54			82			1			True
40			78			1			True
45			93			1			True
44			14			1			False
5			58			1			True
2			30			1			True
42			89			1			True
50			3			1			False
48			11			1			True
10			86			1			True
18			41			1			False
13			57			1			False
95			8			1			False
44			31			1			True
5			19			1			False
69			51			1			True
70			9			1			True
39			88			1			False
70			7			1			True
88			79			1			True
58			31			1			True
59			87			1			True
62			77			1			True
89			15			1			True
68			24			1			True
27			67			1			False
96			90			1			True
84			41			1			False
86			36			1			True
3			9			1			True
30			68			1			True
90			56			1			True
85			10			1			True
51			95			1			True
79			92			1			True
95			1			1			True
87			42			1			True
29			17			1			True
57			46			1			True
15			51			1			True
4			47			1			True
71			17			1			True
89			2			1			True
88			98			1			True
36			26			1			True
89			82			1			False
93			66			1			True
83			19			1			False
27			86			1			False
82			10			1			False
62			42			1			True
66			83			1			True
69			89			1			True
95			48			1			True
55			76			1			True
92			50			1			False
45			36			1			True
15			55			1			False
60			25			1			False
81			97			1			True
61			88			1			False
35			39			1			False
28			89			1			True
51			57			1			True
49			86			1			True
62			98			1			True
25			24			1			False
74			36			1			False
43			64			1			True
93			51			1			True
90			65			1			False
6			21			1			False
69			54			1			False
1			78			1			False
68			22			1			True
46			28			1			True
43			88			1			True
19			57			1			True
95			19			1			False
5			21			1			True
86			41			1			False
56			58			1			True
78			8			1			True
20			16			1			False
58			63			1			True
42			92			1			True
23			1			1			True
38			67			1			True
83			18			1			True
17			57			1			True
64			49			1			True
27			19			1			False
85			87			1			True
3			73			1			True
96			97			1			True
76			97			1			True
16			25			1			False
54			16			1			False
57			29			1			True
49			29			1			False
32			31			1			False
31			19			1			True
91			73			1			False
35			62			1			False
33			9			1			True
2			74			1			False
53			46			1			False
41			2			1			True
93			73			1			True
100			59			1			True
38			98			1			True
67			48			1			True
86			61			1			True
29			79			1			True
90			18			1			False
45			19			1			True
80			24			1			True
97			26			1			True
13			54			1			False
51			26			1			True
89			44			1			True
20			94			1			True
12			90			1			False
65			35			1			True
87			40			1			True
52			31			1			True
56			28			1			True
48			16			1			True
33			25			1			False
56			74			1			False
34			7			1			True
15			44			1			True
58			30			1			True
2			74			1			False
33			88			1			True
96			68			1			True
58			62			1			True
49			75			1			True
45			80			1			True
63			49			1			True
86			76			1			True
81			24			1			False
64			35			1			True
60			43			1			True
91			89			1			True
45			35			1			True
85			74			1			False
79			61			1			True
71			45			1			False
5			26			1			True
78			6			1			False
11			62			1			True
9			96			1			True
39			26			1			False
11			78			1			True
48			67			1			True
4			34			1			True
5			34			1			True
79			74			1			False
66			16			1			True
76			20			1			True
25			81			1			False
10			17			1			False
70			6			1			False
16			62			1			False
53			73			1			True
92			53			1			True
48			80			1			True
29			88			1			True
34			76			1			True
70			31			1			False
44			26			1			True
67			27			1			False
15			66			1			True
72			68			1			True
2			12			1			False
93			8			1			False
2			42			1			True
42			12			1			False
87			53			1			True
30			39			1			True
1			38			1			True
61			24			1			False
83			45			1			False
12			42			1			False
21			31			1			True
76			25			1			False
1			71			1			True
86			37			1			True
56			24			1			False
48			85			1			True
10			30			1			True
14			84			1			False
18			30			1			True
81			21			1			True
34			69			1			True
48			77			1			True
23			52			1			True
74			88			1			True
81			25			1			False
4			42			1			True
72			68			1			True
28			82			1			False
10			82			1			False
14			65			1			True
75			10			1			True
43			42			1			False
57			40			1			True
39			47			1			False
15			35			1			True
38			19			1			False
79			93			1			True
69			88			1			True
47			84			1			False
55			47			1			False
84			49			1			True
64			39			1			False
98			67			1			False
20			58			1			False
12			2			1			False
85			23			1			True
8			15			1			True
93			47			1			False
35			66			1			True
75			38			1			True
95			35			1			True
82			77			1			True
97			98			1			True
85			3			1			True
49			34			1			True
92			30			1			True
69			74			1			False
55			41			1			False
25			72			1			False
54			40			1			True
2			72			1			True
95			49			1			True
96			15			1			True
54			53			1			False
74			52			1			False
40			10			1			True
4			75			1			True
34			44			1			True
67			90			1			True
80			71			1			False
12			42			1			False
48			10			1			True
81			86			1			True
3			25			1			False
77			50			1			True
68			14			1			True
14			35			1			True
44			31			1			False
15			82			1			False
26			45			1			True
64			30			1			True
41			89			1			False
77			16			1			True
97			40			1			False
80			67			1			True
53			69			1			True
12			46			1			False
45			98			1			True
43			83			1			True
54			63			1			True
10			78			1			False
65			82			1			False
87			68			1			False
4			91			1			True
2			4			1			False
77			86			1			False
55			91			1			True
70			77			1			False
94			5			1			False
70			69			1			False
7			53			1			False
63			44			1			True
89			41			1			False
63			10			1			False
45			7			1			True
66			39			1			False
47			18			1			True
83			62			1			False
98			86			1			True
24			17			1			True
68			88			1			True
27			8			1			False
58			85			1			True
65			93			1			True
16			9			1			False
26			91			1			True
10			45			1			True
10			67			1			False
83			69			1			True
66			41			1			False
2			84			1			False
89			27			1			True
37			45			1			True
97			71			1			False
38			7			1			True
65			69			1			False
6			70			1			False
11			63			1			True
55			26			1			False
2			85			1			False
73			11			1			True
34			77			1			True
49			80			1			True
17			4			1			True
99			20			1			True
85			64			1			True
87			41			1			False
70			24			1			True
30			100			1			False
81			22			1			True
31			41			1			False
39			5			1			False
16			26			1			False
33			88			1			False
37			44			1			False
96			18			1			False
79			95			1			True
52			92			1			True
94			21			1			False
45			35			1			True
49			60			1			True
30			95			1			True
7			41			1			False
80			86			1			False
42			19			1			False
28			23			1			True
47			17			1			True
3			72			1			True
12			21			1			False
49			90			1			True
56			86			1			False
60			96			1			True
24			42			1			False
74			18			1			False
2			77			1			False
60			80			1			True
51			38			1			True
51			43			1			False
32			23			1			False
82			71			1			False
63			91			1			False
13			97			1			False
63			64			1			True
37			16			1			True
58			35			1			False
7			95			1			True
24			23			1			True
58			14			1			False
28			95			1			False
76			90			1			True
77			24			1			True
34			92			1			True
91			32			1			True
19			79			1			True
80			76			1			True
4			94			1			False
17			7			1			True
30			18			1			False
67			83			1			False
2			5			1			False
91			67			1			False
50			72			1			False
6			31			1			False
97			24			1			True
52			14			1			False
42			70			1			False
34			96			1			True
85			59			1			True
45			7			1			True
89			37			1			True
22			4			1			True
63			14			1			True
79			28			1			True
69			23			1			True
14			81			1			True
76			10			1			True
75			80			1			False
43			58			1			True
77			53			1			True
6			89			1			True
94			57			1			True
48			91			1			True
89			29			1			False
82			89			1			True
34			40			1			False
40			29			1			False
93			55			1			False
100			86			1			True
3			18			1			False
78			80			1			False
52			97			1			True
50			28			1			False
38			32			1			False
15			99			1			True
37			4			1			True
37			13			1			False
81			95			1			True
67			53			1			True
98			89			1			True
43			34			1			False
31			27			1			True
100			13			1			False
97			44			1			False
71			11			1			True
52			46			1			True
97			51			1			True
74			69			1			False
97			80			1			True
33			16			1			False
62			32			1			False
84			57			1			False
2			54			1			False
87			27			1			False
20			86			1			True
67			100			1			True
62			26			1			False
87			18			1			False
70			36			1			False
5			56			1			True
18			56			1			True
14			18			1			False
3			74			1			True
82			76			1			True
23			86			1			True
17			65			1			False
87			94			1			False
73			28			1			True
24			72			1			True
22			8			1			False
6			40			1			False
71			62			1			False
4			26			1			True
26			5			1			True
94			13			1			False
77			31			1			False
7			2			1			True
12			94			1			False
53			67			1			True
18			27			1			False
41			58			1			False
13			98			1			False
7			52			1			True
48			62			1			False
82			71			1			False
96			80			1			True
94			78			1			False
89			71			1			True
95			83			1			False
12			52			1			False
45			65			1			True
26			77			1			True
6			32			1			False
37			77			1			True
98			9			1			True
63			10			1			False
6			63			1			False
39			55			1			False
99			81			1			True
79			67			1			True
49			11			1			True
11			53			1			True
13			59			1			False
48			69			1			False
75			26			1			False
35			17			1			True
46			82			1			True
43			47			1			False
32			72			1			False
72			1			1			False
34			86			1			False
97			1			1			True
88			39			1			False
99			25			1			False
48			57			1			False
6			52			1			False
82			45			1			False
86			77			1			True
49			43			1			True
57			53			1			True
49			26			1			True
79			91			1			False
81			44			1			False
70			90			1			False
25			37			1			False
67			74			1			False
22			69			1			False
38			7			1			True
50			72			1			False
62			5			1			False
53			73			1			True
85			28			1			True
67			64			1			False
26			92			1			True
78			36			1			False
46			41			1			True
35			62			1			False
87			28			1			False
89			21			1			True
94			86			1			False
2			59			1			True
49			76			1			True
9			1			1			True
97			96			1			True
54			96			1			True
67			19			1			False
31			34			1			True
74			62			1			False
64			90			1			False
72			84			1			False
71			17			1			True
83			23			1			True
38			39			1			False
38			75			1			True
70			22			1			False
50			20			1			False
64			43			1			True
100			65			1			True
19			2			1			True
22			27			1			False
68			53			1			True
45			41			1			True
78			88			1			False
86			53			1			True
17			60			1			True
15			10			1			True
13			58			1			False
24			58			1			False
12			19			1			False
31			18			1			False
91			50			1			False
39			92			1			False
74			21			1			False
41			38			1			True
42			41			1			False
11			1			1			True
80			20			1			False
56			66			1			True
3			18			1			False
63			47			1			False
30			31			1			True
80			19			1			True
9			67			1			False
52			8			1			False
8			2			1			False
75			50			1			False
62			25			1			False
90			84			1			False
89			39			1			False
5			24			1			True
57			78			1			False
52			87			1			True
1			88			1			False
69			47			1			True
25			91			1			False
93			56			1			True
75			66			1			True
6			60			1			False
37			50			1			False
6			68			1			True
53			7			1			True
81			18			1			True
43			28			1			False
24			61			1			True
81			92			1			True
35			54			1			True
6			15			1			False
22			81			1			True
74			93			1			False
38			94			1			True
77			2			1			True
94			55			1			True
77			25			1			False
86			53			1			True
88			92			1			False
42			50			1			False
90			74			1			False
16			14			1			False
68			11			1			True
37			73			1			True
32			47			1			False
92			4			1			True
27			6			1			False
54			95			1			False
95			2			1			False
49			31			1			True
33			19			1			False
17			35			1			True
63			67			1			False
62			95			1			True
15			52			1			True
4			27			1			True
88			57			1			True
34			1			1			True
60			20			1			False
62			78			1			False
15			47			1			True
46			85			1			True
2			13			1			False
100			34			1			True
62			86			1			False
27			2			1			False
69			96			1			True
33			28			1			True
40			74			1			False
42			55			1			False
40			8			1			True
4			45			1			True
66			97			1			True
97			11			1			True
20			68			1			True
23			56			1			True
46			25			1			False
86			26			1			False
34			58			1			True
34			40			1			False
13			44			1			False
69			15			1			True
3			91			1			True
52			9			1			True
41			46			1			True
82			47			1			False
29			91			1			True
25			82			1			False
91			77			1			True
41			23			1			True
34			99			1			False
92			55			1			False
14			64			1			True
48			56			1			True
33			48			1			True
43			25			1			False
39			4			1			False
49			52			1			True
81			83			1			False
89			5			1			True
46			27			1			False
52			69			1			True
61			13			1			False
45			65			1			True
45			47			1			False
65			35			1			True
57			38			1			True
57			32			1			False
94			33			1			True
21			10			1			False
12			27			1			False
47			1			1			True
64			55			1			True
58			69			1			True
46			85			1			True
68			30			1			True
5			65			1			True
71			61			1			True
92			46			1			True
6			22			1			False
92			14			1			False
16			91			1			True
24			65			1			True
5			72			1			False
100			15			1			True
53			41			1			True
12			23			1			False
32			76			1			False
71			57			1			True
84			11			1			False
13			77			1			False
30			22			1			True
96			21			1			True
20			3			1			True
86			1			1			True
37			52			1			True
94			20			1			True
33			92			1			False
56			72			1			True
51			13			1			False
63			2			1			False
16			80			1			False
69			45			1			True
86			74			1			False
92			51			1			True
66			98			1			True
53			42			1			False
15			89			1			True
26			22			1			True
73			15			1			True
69			6			1			False
23			46			1			True
19			49			1			True
67			29			1			True
15			67			1			True
52			73			1			False
50			51			1			False
74			91			1			True
22			93			1			True
6			45			1			False
27			93			1			False
46			52			1			True
12			43			1			False
50			79			1			False
11			95			1			True
15			43			1			True
50			13			1			False
1			8			1			False
11			32			1			False
79			27			1			True
27			50			1			False
44			99			1			True
50			88			1			True
73			4			1			True
54			97			1			True
29			71			1			True
16			99			1			True
11			50			1			False
69			81			1			True
87			60			1			True
97			24			1			True
9			99			1			True
39			63			1			False
5			38			1			False
63			8			1			True
20			27			1			True
26			1			1			True
52			89			1			True
47			17			1			True
60			8			1			False
86			32			1			False
33			49			1			False
63			43			1			True
24			81			1			False
52			45			1			True
54			40			1			False
10			93			1			True
41			55			1			False
5			44			1			False
96			97			1			True
38			76			1			True
19			21			1			False
83			45			1			True
28			13			1			False
93			43			1			False
80			73			1			True
65			38			1			True
82			75			1			True
28			51			1			True
5			90			1			False
15			97			1			False
35			94			1			True
71			37			1			True
9			74			1			True
94			41			1			False
99			60			1			True
20			81			1			True
95			53			1			True
23			36			1			True
38			23			1			True
50			31			1			False
98			48			1			True
34			46			1			False
84			79			1			True
8			59			1			True
19			58			1			False
89			40			1			True
83			54			1			True
87			72			1			False
85			62			1			True
89			57			1			True
37			79			1			True
21			5			1			True
49			34			1			True
31			6			1			False
82			33			1			True
91			54			1			False
38			3			1			False
83			35			1			True
33			54			1			False
82			51			1			True
76			22			1			True
9			76			1			True
90			55			1			False
28			32			1			False
79			10			1			False
25			16			1			False
40			15			1			True
22			72			1			True
14			20			1			True
91			54			1			False
92			30			1			True
29			96			1			True
45			35			1			True
99			57			1			True
56			7			1			True
96			64			1			True
54			26			1			False
54			55			1			True
35			20			1			True
54			25			1			False
35			79			1			True
76			67			1			False
35			98			1			True
75			48			1			True
73			83			1			True
47			56			1			True
96			27			1			True
41			23			1			False
39			52			1			False
88			1			1			False
5			92			1			True
86			20			1			False
76			44			1			True
81			19			1			False
31			93			1			False
57			68			1			True
24			76			1			False
64			26			1			False
97			77			1			False
34			93			1			True
44			41			1			False
17			48			1			True
47			72			1			True
70			99			1			True
9			83			1			False
69			98			1			False
90			31			1			True
13			47			1			False
46			69			1			True
65			84			1			False
51			84			1			False
74			10			1			False
34			22			1			False
82			97			1			True
22			67			1			False
21			89			1			True
31			86			1			False
90			83			1			True
75			25			1			False
91			69			1			False
53			80			1			True
42			48			1			True
24			27			1			False
86			83			1			True
76			98			1			False
98			16			1			True
41			73			1			False
8			82			1			False
25			89			1			False
83			22			1			False
52			87			1			False
51			14			1			False
17			37			1			True
24			52			1			False
61			43			1			False
15			57			1			True
60			76			1			False
88			47			1			False
1			47			1			True
41			1			1			False
78			31			1			True
74			67			1			False
76			94			1			True
34			96			1			False
20			30			1			True
50			85			1			False
63			97			1			False
26			21			1			True
76			6			1			False
91			3			1			True
49			83			1			False
58			42			1			True
40			28			1			True
28			50			1			False
42			88			1			False
57			87			1			False
97			6			1			False
25			12			1			False
38			81			1			False
49			35			1			True
53			33			1			False
9			69			1			False
8			40			1			True
49			77			1			False
16			8			1			False
91			54			1			False
33			1			1			False
73			17			1			False
49			81			1			True
98			21			1			True
9			84			1			False
64			40			1			False
19			88			1			False
5			17			1			False
25			65			1			False
64			32			1			False
5			3			1			False
21			70			1			False
31			85			1			True
100			36			1			True
68			65			1			True
98			48			1			True
94			21			1			False
50			21			1			False
99			9			1			True
17			62			1			False
97			7			1			True
20			28			1			True
56			43			1			False
59			75			1			True
81			44			1			False
30			64			1			True
37			70			1			False
6			58			1			True
72			74			1			False
35			59			1			True
69			62			1			False
46			31			1			False
84			98			1			False
94			34			1			False
62			65			1			False
68			45			1			True
19			78			1			False
76			45			1			True
14			13			1			False
80			40			1			True
91			20			1			True
57			24			1			True
61			58			1			True
12			86			1			False
86			81			1			True
17			69			1			True
63			8			1			True
68			25			1			False
57			64			1			False
29			12			1			False
99			60			1			False
33			72			1			True
6			4			1			False
25			48			1			False
70			2			1			False
15			98			1			False
89			20			1			False
31			80			1			True
68			26			1			True
46			88			1			True
6			35			1			False
31			6			1			False
45			22			1			True
36			12			1			False
26			70			1			False
40			14			1			False
36			59			1			True
88			86			1			True
3			58			1			True
34			1			1			False
95			88			1			True
46			78			1			False
22			33			1			True
23			33			1			True
13			70			1			False
30			72			1			False
21			17			1			True
46			26			1			True
59			16			1			False
83			8			1			True
54			71			1			False
4			42			1			False
35			9			1			True
42			55			1			True
42			17			1			True
70			85			1			True
20			32			1			False
16			73			1			True
26			54			1			False
45			38			1			True
34			6			1			False
95			74			1			False
60			18			1			False
9			70			1			True
16			92			1			True
86			53			1			True
59			54			1			True
93			5			1			False
75			45			1			False
59			17			1			True
5			41			1			False
28			97			1			True