*** Transaction Log ***
ID From		ID To		Amount		Success?

84			14			1			True
81			12			1			False
92			21			1			False
77			68			1			True
37			13			1			True
35			74			1			True
17			30			1			True
86			94			1			False
77			89			1			False
21			28			1			False
20			37			1			True
42			37			1			False
34			26			1			True
82			62			1			True
80			46			1			True
8			36			1			False
95			52			1			True
3			23			1			True
70			4			1			False
21			48			1			False
27			14			1			True
92			38			1			True
26			79			1			False
40			42			1			False
33			4			1			True
4			49			1			True
43			4			1			True
16			7			1			False
45			60			1			True
22			6			1			True
68			16			1			True
100			93			1			False
40			89			1			True
33			11			1			True
22			49			1			True
86			20			1			False
39			98			1			True
60			30			1			True
99			50			1			True
43			31			1			True
20			13			1			False
58			70			1			False
6			65			1			True
80			72			1			True
23			2			1			False
41			63			1			True
99			56			1			True
23			59			1			True
9			91			1			True
79			75			1			True
8			2			1			False
60			50			1			True
64			35			1			True
29			61			1			True
40			33			1			True
14			48			1			False
47			82			1			False
11			33			1			True
49			98			1			True
42			4			1			False
40			78			1			False
92			2			1			True
14			58			1			True
66			78			1			True
96			40			1			True
9			90			1			True
33			25			1			True
62			28			1			True
53			8			1			False
56			20			1			True
86			68			1			True
99			10			1			False
56			83			1			True
75			89			1			True
77			15			1			True
76			56			1			True
55			63			1			True
62			97			1			False
60			22			1			True
81			27			1			True
39			41			1			False
33			41			1			True
58			71			1			True
60			25			1			True
84			58			1			True
58			57			1			True
37			79			1			False
2			68			1			True
32			12			1			False
80			84			1			True
75			71			1			True
96			19			1			False
74			77			1			True
10			15			1			True
56			9			1			True
94			68			1			False
32			63			1			False
25			93			1			True
60			34			1			False
90			30			1			True
32			24			1			False
77			96			1			True
74			30			1			True
86			69			1			True
11			94			1			False
1			44			1			True
58			100			1			True
98			28			1			True
48			52			1			False
96			93			1			False
17			48			1			False
92			32			1			True
52			18			1			True
84			92			1			True
77			67			1			False
68			10			1			True
56			33			1			True
72			4			1			False
45			89			1			False
79			64			1			True
52			82			1			False
58			2			1			True
28			23			1			True
2			7			1			True
94			68			1			False
90			16			1			False
75			11			1			True
86			42			1			False
75			94			1			False
61			66			1			True
7			53			1			True
90			75			1			True
54			67			1			False
16			92			1			True
100			75			1			False
68			21			1			False
79			92			1			False
7			58			1			False
89			73			1			False
38			39			1			True
41			79			1			True
92			14			1			False
13			94			1			False
33			20			1			True
76			35			1			True
32			46			1			True
36			69			1			True
66			27			1			True
70			90			1			False
30			38			1			True
33			81			1			False
64			4			1			True
79			74			1			True
88			72			1			False
53			35			1			True
73			57			1			True
52			43			1			True
16			91			1			True
54			15			1			False
15			75			1			False
14			50			1			True
35			67			1			False
3			70			1			False
45			77			1			True
60			7			1			True
23			46			1			True
77			20			1			True
64			74			1			True
14			45			1			True
57			55			1			False
59			73			1			True
99			66			1			True
80			4			1			True
95			42			1			False
47			23			1			False
86			9			1			True
78			17			1			True
42			37			1			False
73			67			1			False
7			54			1			False
89			47			1			True
20			52			1			True
20			22			1			False
100			25			1			True
98			62			1			True
53			71			1			True
66			33			1			True
25			73			1			False
11			89			1			True
34			54			1			False
100			54			1			False
78			29			1			True
6			31			1			True
68			48			1			False
93			90			1			True
7			54			1			False
4			36			1			True
8			83			1			False
90			30			1			True
61			49			1			False
63			45			1			False
8			43			1			False
18			26			1			False
16			20			1			False
10			26			1			False
63			72			1			True
32			58			1			True
28			89			1			True
38			13			1			True
43			9			1			True
37			69			1			True
78			85			1			True
62			32			1			True
13			3			1			True
13			90			1			True
96			95			1			True
93			30			1			True
56			25			1			True
22			17			1			True
79			55			1			True
82			72			1			True
25			73			1			False
46			90			1			True
11			27			1			True
90			2			1			True
39			72			1			True
82			19			1			True
27			67			1			False
39			59			1			True
56			40			1			True
41			99			1			True
62			81			1			True
42			70			1			False
76			79			1			False
81			52			1			True
54			42			1			False
83			71			1			True
27			69			1			True
74			96			1			False
27			39			1			True
84			77			1			True
16			9			1			True
24			10			1			True
20			25			1			True
43			26			1			False
10			37			1			True
54			21			1			False
61			81			1			True
20			29			1			True
65			90			1			True
93			41			1			False
67			82			1			False
52			31			1			True
33			30			1			True
55			20			1			True
2			70			1			True
100			12			1			False
67			99			1			False
31			17			1			True
2			52			1			True
75			56			1			True
80			73			1			True
41			76			1			False
24			29			1			False
13			64			1			True
86			63			1			True
78			59			1			True
87			68			1			False
67			30			1			False
24			37			1			True
79			21			1			False
62			31			1			True
72			71			1			True
33			21			1			False
26			42			1			False
70			8			1			False
48			77			1			False
82			92			1			True
47			75			1			True
93			70			1			False
33			68			1			False
32			84			1			True
30			89			1			True
72			85			1			True
93			66			1			False
96			68			1			True
78			32			1			True
63			7			1			False
71			82			1			True
50			88			1			False
79			76			1			False
6			87			1			True
43			82			1			True
69			21			1			False
28			46			1			True
46			73			1			True
72			57			1			True
81			50			1			True
58			42			1			False
91			24			1			True
36			48			1			False
75			45			1			True
30			81			1			True
27			9			1			True
58			13			1			False
50			2			1			True
37			9			1			True
78			31			1			True
27			18			1			False
51			52			1			False
60			37			1			False
90			75			1			True
33			23			1			False
37			91			1			True
32			13			1			True
100			78			1			False
7			56			1			True
86			34			1			True
98			47			1			True
18			19			1			True
92			85			1			False
45			70			1			False
64			31			1			False
99			33			1			True
78			91			1			True
32			8			1			False
95			19			1			True
15			95			1			True
96			4			1			False
52			5			1			False
86			69			1			True
6			25			1			False
30			87			1			True
63			75			1			True
8			38			1			False
70			83			1			False
96			77			1			False
34			35			1			False
15			47			1			True
99			36			1			False
19			24			1			True
17			52			1			True
17			85			1			True
91			14			1			False
5			11			1			False
13			35			1			False
84			53			1			True
67			58			1			False
57			59			1			True
80			17			1			True
62			89			1			True
16			70			1			False
58			99			1			True
13			95			1			True
89			40			1			False
68			31			1			True
57			67			1			False
47			24			1			True
19			60			1			True
11			100			1			False
95			12			1			False
30			40			1			True
46			62			1			True
2			70			1			True
79			90			1			True
38			37			1			True
43			48			1			False
10			74			1			True
50			82			1			True
99			86			1			True
13			45			1			True
19			80			1			True
22			57			1			True
60			18			1			True
39			38			1			True
75			20			1			True
100			32			1			True
52			9			1			False
6			71			1			True
66			62			1			False
12			36			1			False
1			26			1			False
75			83			1			True
7			39			1			True
43			16			1			False
1			5			1			False
26			2			1			True
8			79			1			False
72			45			1			True
27			80			1			True
84			65			1			True
6			30			1			True
68			5			1			False
89			62			1			False
1			85			1			True
94			43			1			False
32			68			1			True
14			37			1			True
93			16			1			False
76			93			1			True
84			10			1			True
12			64			1			False
88			21			1			False
94			93			1			False
69			50			1			True
71			57			1			True
82			98			1			True
95			6			1			True
28			43			1			False
76			58			1			False
24			6			1			True
22			51			1			False
100			29			1			True
79			22			1			False
73			13			1			True
3			56			1			False
85			67			1			False
8			26			1			False
42			73			1			False
41			68			1			True
39			57			1			True
77			19			1			True
91			59			1			True
59			22			1			True
43			16			1			False
48			97			1			True
84			12			1			False
3			9			1			True
23			18			1			True
21			79			1			False
56			98			1			True
74			49			1			True
42			80			1			False
93			15			1			False
30			76			1			True
95			50			1			False
72			32			1			True
56			5			1			False
5			59			1			False
1			16			1			False
49			69			1			True
1			25			1			True
41			36			1			False
99			27			1			False
45			30			1			True
19			61			1			True
33			48			1			False
97			41			1			True
71			9			1			True
78			84			1			True
62			90			1			True
50			72			1			True
29			51			1			True
41			94			1			False
39			58			1			False
2			93			1			True
1			49			1			True
97			83			1			True
28			78			1			True
61			20			1			False
79			96			1			False
96			25			1			True
21			40			1			False
44			100			1			True
24			54			1			True
2			78			1			True
100			25			1			True
99			57			1			False
67			18			1			False
14			49			1			True
99			100			1			False
26			37			1			False
55			30			1			True
12			15			1			False
23			1			1			True
89			66			1			True
17			53			1			False
53			19			1			True
2			89			1			True
91			40			1			False
4			79			1			False
50			11			1			True
87			35			1			False
43			81			1			False
15			92			1			True
16			24			1			True
1			45			1			True
91			21			1			False
87			55			1			False
79			13			1			False
13			64			1			True
80			25			1			True
62			100			1			True
54			88			1			False
60			23			1			True
32			41			1			False
14			85			1			True
83			64			1			False
90			60			1			True
62			84			1			False
83			60			1			True
89			8			1			False
28			91			1			True
80			89			1			True
87			6			1			True
49			99			1			True
91			69			1			True
45			6			1			True
60			75			1			False
22			15			1			True
23			68			1			True
44			6			1			True
15			30			1			True
20			55			1			True
16			81			1			True
39			57			1			True
97			42			1			False
82			11			1			True
77			64			1			False
77			45			1			True
24			46			1			True
58			5			1			False
6			72			1			True
18			50			1			True
29			19			1			False
76			88			1			False
32			96			1			True
36			65			1			True
94			67			1			False
76			92			1			True
97			43			1			True
82			99			1			True
67			39			1			False
18			11			1			True
9			58			1			True
1			54			1			False
69			13			1			False
2			37			1			False
69			40			1			True
61			64			1			True
61			73			1			False
19			2			1			True
6			90			1			True
41			58			1			True
86			9			1			True
80			76			1			False
83			73			1			False
3			97			1			True
66			18			1			True
2			3			1			False
39			23			1			False
86			60			1			True
82			11			1			True
19			29			1			True
66			10			1			False
11			65			1			True
6			63			1			True
8			32			1			False
93			79			1			True
51			40			1			False
13			25			1			True
1			14			1			False
90			31			1			True
60			81			1			False
2			80			1			True
57			63			1			False
22			92			1			False
2			61			1			True
55			8			1			False
83			24			1			False
30			13			1			True
89			35			1			False
100			59			1			True
25			88			1			False
40			14			1			False
59			65			1			True
26			55			1			True
85			53			1			True
32			67			1			False
17			23			1			False
87			53			1			False
5			21			1			False
58			2			1			True
20			5			1			False
82			44			1			True
41			30			1			True
99			40			1			False
92			43			1			True
45			76			1			True
32			88			1			False
88			59			1			False
71			58			1			True
57			49			1			True
24			49			1			True
26			77			1			False
24			52			1			True
22			82			1			False
76			9			1			False
80			49			1			False
39			64			1			True
74			41			1			True
69			50			1			True
22			66			1			False
14			66			1			True
78			79			1			False
18			48			1			False
83			81			1			True
18			94			1			False
93			63			1			True
70			12			1			False
33			10			1			True
1			44			1			True
1			18			1			True
11			69			1			False
85			74			1			True
14			6			1			False
5			49			1			False
41			93			1			True
57			32			1			True
6			89			1			True
87			43			1			False
7			16			1			False
1			3			1			False
72			83			1			True
40			14			1			False
25			77			1			True
100			26			1			False
22			86			1			False
43			60			1			True
65			74			1			True
52			98			1			True
93			51			1			True
73			27			1			True
7			32			1			False
42			24			1			False
41			8			1			False
12			70			1			False
21			48			1			False
26			100			1			False
10			8			1			False
89			100			1			True
40			74			1			True
38			99			1			True
96			2			1			False
43			75			1			True
10			38			1			True
69			88			1			False
91			25			1			True
13			34			1			False
74			4			1			True
72			1			1			False
3			74			1			True
38			27			1			True
72			51			1			False
4			88			1			False
39			83			1			False
85			67			1			False
39			8			1			False
84			68			1			True
10			26			1			True
72			74			1			False
41			3			1			True
64			91			1			True
18			69			1			True
89			48			1			False
98			83			1			False
53			78			1			True
43			49			1			False
53			2			1			True
76			30			1			True
6			74			1			True
62			9			1			False
74			20			1			True
95			88			1			False
67			59			1			False
80			16			1			True
19			3			1			True
22			46			1			False
95			56			1			True
98			99			1			True
67			55			1			False
100			85			1			True
60			50			1			True
16			75			1			True
35			44			1			True
89			7			1			True
16			37			1			True
44			96			1			True
88			23			1			False
30			57			1			True
15			55			1			True
90			9			1			True
53			28			1			True
15			8			1			False
31			11			1			True
12			46			1			False
99			71			1			True
73			91			1			True
97			61			1			True
5			23			1			False
33			9			1			False
64			18			1			True
18			10			1			True
3			41			1			True
84			20			1			True
72			53			1			False
61			64			1			False
32			82			1			True
31			4			1			False
2			89			1			True
9			8			1			False
40			34			1			False
99			69			1			True
50			52			1			True
33			71			1			True
69			18			1			True
22			3			1			False
22			11			1			False
2			67			1			False
95			60			1			True
43			87			1			False
68			38			1			True
65			37			1			True
72			24			1			True
83			46			1			True
74			27			1			False
100			65			1			False
16			34			1			False
100			19			1			False
45			91			1			True
35			41			1			True
23			26			1			True
16			88			1			False
4			43			1			True
60			66			1			True
68			21			1			False
17			19			1			True
5			42			1			False
60			15			1			False
74			69			1			True
36			45			1			True
64			1			1			True
59			20			1			True
32			35			1			False
76			78			1			True
73			42			1			False
25			32			1			True
21			99			1			False
87			34			1			False
68			63			1			True
20			9			1			False
62			49			1			False
54			36			1			False
83			12			1			False
30			57			1			True
64			19			1			True
63			92			1			True
81			83			1			True
27			74			1			False
79			84			1			False
83			64			1			False
32			15			1			True
36			83			1			False
17			96			1			True
14			77			1			True
100			50			1			False
12			17			1			False
3			79			1			False
85			25			1			True
31			51			1			False
17			39			1			True
97			89			1			True
67			49			1			False
42			50			1			False
61			90			1			True
62			52			1			True
10			21			1			False
68			24			1			True
34			9			1			True
16			81			1			False
31			32			1			False
2			95			1			True
90			37			1			True
42			14			1			False
33			96			1			False
85			75			1			True
33			98			1			True
30			37			1			True
83			56			1			True
80			77			1			True
25			21			1			False
3			75			1			True
74			51			1			True
54			63			1			False
65			56			1			False
2			98			1			True
84			12			1			False
20			82			1			False
32			29			1			True
56			77			1			True
69			20			1			True
73			92			1			True
75			100			1			False
50			82			1			True
6			7			1			False
56			91			1			True
44			8			1			False
73			40			1			True
17			73			1			False
69			51			1			True
71			58			1			True
2			23			1			True
42			52			1			False
94			80			1			False
24			36			1			False
6			65			1			False
44			72			1			True
14			70			1			False
91			65			1			True
66			22			1			False
21			59			1			False
28			55			1			True
77			70			1			True
28			22			1			False
92			41			1			True
70			36			1			True
81			92			1			True
39			79			1			False
64			95			1			False
64			92			1			True
13			80			1			True
40			71			1			True
94			65			1			False
44			27			1			True
75			33			1			True
99			90			1			True
6			58			1			False
62			42			1			False
1			18			1			False
18			67			1			False
68			60			1			True
18			13			1			True
38			47			1			True
12			67			1			False
71			77			1			True
18			74			1			False
81			39			1			True
26			16			1			False
84			31			1			True
17			50			1			True
21			36			1			False
4			1			1			True
48			31			1			True
32			85			1			True
3			85			1			True
88			15			1			False
12			27			1			False
60			36			1			False
28			45			1			False
4			10			1			True
18			24			1			False
9			69			1			True
86			98			1			True
10			36			1			False
40			79			1			False
8			98			1			False
62			44			1			True
90			45			1			True
67			52			1			False
81			90			1			True
30			2			1			True
74			28			1			True
57			47			1			True
59			31			1			False
70			43			1			False
29			22			1			False
38			13			1			True
39			84			1			False
96			65			1			True
57			24			1			True
8			44			1			False
97			88			1			False
25			66			1			True
19			30			1			True
50			81			1			True
88			68			1			False
59			85			1			True
6			52			1			False
76			11			1			True
76			62			1			True
12			88			1			False
39			61			1			True
50			41			1			True
62			50			1			True
5			99			1			False
91			81			1			False
31			44			1			True
87			3			1			True
54			34			1			False
7			49			1			False
91			8			1			False
79			98			1			False
49			59			1			True
45			49			1			True
94			100			1			False
60			50			1			True
9			66			1			True
82			24			1			True
78			48			1			False
6			51			1			False
4			26			1			False
87			63			1			True
20			84			1			True
90			86			1			True
17			27			1			True
13			88			1			False
15			77			1			True
84			46			1			True
28			8			1			False
84			2			1			False
31			72			1			False
1			30			1			False
25			35			1			False
11			19			1			True
13			22			1			True
62			95			1			True
51			86			1			True
91			7			1			False
7			43			1			False
6			96			1			False
43			33			1			True
93			50			1			False
64			66			1			False
12			39			1			False
59			61			1			True
86			41			1			True
45			92			1			True
83			75			1			True
59			87			1			True
2			67			1			False
13			85			1			True
84			28			1			True
24			46			1			False
19			47			1			False
16			68			1			True
86			31			1			False
39			44			1			True
75			10			1			True
60			6			1			True
8			85			1			False
35			25			1			False
89			5			1			False
25			9			1			True
100			93			1			False
20			48			1			False
6			4			1			True
17			33			1			True
90			100			1			False
24			32			1			True
57			61			1			True
67			93			1			False
74			90			1			True
92			53			1			True
67			92			1			False
18			29			1			True
1			13			1			True
8			73			1			False
46			100			1			False
11			29			1			False
5			22			1			False
19			41			1			True
28			15			1			True
89			91			1			True
37			55			1			True
50			17			1			True
56			68			1			True
34			52			1			False
32			8			1			False
90			4			1			True
10			27			1			True
35			95			1			False
58			70			1			False
16			81			1			True
91			62			1			True
21			95			1			False
18			21			1			False
58			52			1			False
71			69			1			True
7			44			1			True
10			38			1			True
43			6			1			False
67			89			1			False
76			25			1			True
63			11			1			True
38			6			1			True
34			95			1			True
82			97			1			True
26			20			1			True
70			54			1			False
12			44			1			False