*** Transaction Log ***
ID From		ID To		Amount		Success?

78			100			1			False
22			50			1			False
54			71			1			True
28			41			1			True
74			7			1			True
99			77			1			True
49			100			1			False
18			34			1			True
30			100			1			True
37			48			1			True
52			18			1			True
1			46			1			False
69			32			1			False
59			25			1			True
88			63			1			True
39			22			1			False
70			97			1			True
38			87			1			False
79			92			1			True
47			24			1			False
67			12			1			False
51			19			1			True
56			32			1			True
89			7			1			True
51			45			1			True
65			23			1			True
58			51			1			True
92			64			1			False
50			77			1			False
50			47			1			False
99			9			1			True
39			87			1			False
2			54			1			True
97			27			1			True
57			53			1			False
48			44			1			True
4			27			1			True
14			80			1			False
97			85			1			True
24			68			1			False
11			17			1			True
20			58			1			False
17			19			1			True
53			86			1			True
93			81			1			False
37			55			1			True
96			58			1			False
18			81			1			True
100			37			1			True
86			82			1			True
30			6			1			False
14			75			1			True
100			88			1			True
49			42			1			False
49			33			1			True
43			15			1			True
11			3			1			True
73			68			1			True
100			71			1			False
69			36			1			False
24			60			1			False
39			86			1			True
58			98			1			True
51			16			1			False
80			39			1			False
76			38			1			True
49			30			1			False
65			16			1			False
33			12			1			False
38			99			1			True
48			79			1			False
78			90			1			False
72			79			1			False
76			6			1			True
13			31			1			True
77			69			1			False
67			55			1			True
67			26			1			True
53			70			1			True
30			62			1			True
97			70			1			True
11			67			1			True
58			80			1			False
42			65			1			True
37			46			1			False
37			58			1			False
89			41			1			True
81			27			1			True
16			32			1			False
73			79			1			False
49			34			1			True
91			59			1			True
71			78			1			True
57			75			1			False
38			19			1			True
8			42			1			False
72			23			1			False
20			61			1			False
61			56			1			True
24			79			1			False
38			95			1			True
3			76			1			True
7			2			1			True
79			69			1			False
76			33			1			True
6			31			1			True
85			86			1			True
2			59			1			True
20			53			1			False
38			62			1			True
6			66			1			False
27			35			1			True
77			88			1			False
56			35			1			True
41			74			1			True
17			41			1			False
77			9			1			True
50			77			1			False
22			71			1			False
13			28			1			True
79			21			1			False
57			61			1			False
12			57			1			False
56			9			1			True
91			54			1			True
84			5			1			False
19			78			1			False
97			94			1			True
23			27			1			False
25			49			1			True
28			13			1			True
34			48			1			True
16			34			1			False
52			37			1			True
1			24			1			False
81			34			1			True
59			56			1			True
80			86			1			True
54			36			1			True
14			39			1			True
9			55			1			True
92			47			1			False
66			10			1			False
32			22			1			True
87			80			1			False
85			26			1			True
81			17			1			True
5			49			1			True
79			50			1			False
70			45			1			True
60			17			1			True
26			100			1			True
84			36			1			True
66			40			1			False
45			10			1			True
72			37			1			True
52			62			1			False
31			71			1			False
41			24			1			False
72			47			1			True
55			93			1			True
7			6			1			True
14			93			1			False
65			16			1			False
14			75			1			True
57			14			1			False
99			32			1			False
19			91			1			True
4			49			1			True
78			39			1			False
20			77			1			True
48			39			1			True
25			20			1			True
96			69			1			False
67			50			1			False
52			1			1			False
13			45			1			True
4			42			1			False
51			90			1			True
19			88			1			False
74			87			1			False
77			68			1			False
36			28			1			True
47			25			1			True
58			36			1			False
54			100			1			True
27			56			1			True
51			12			1			False
7			29			1			True
99			65			1			False
24			89			1			False
89			17			1			True
69			97			1			False
48			53			1			True
78			7			1			True
39			46			1			False
98			100			1			False
63			35			1			True
45			57			1			False
18			23			1			True
65			81			1			True
95			100			1			False
71			68			1			True
8			44			1			False
68			30			1			True
41			54			1			False
57			11			1			False
71			9			1			False
32			96			1			False
79			48			1			False
93			89			1			False
73			42			1			True
37			76			1			True
95			98			1			True
29			52			1			True
68			77			1			False
68			73			1			True
8			38			1			False
23			75			1			False
82			28			1			True
56			16			1			False
76			73			1			True
78			99			1			False
82			62			1			True
53			28			1			True
1			35			1			False
34			10			1			False
9			16			1			False
33			83			1			True
17			33			1			False
53			49			1			False
38			93			1			False
51			59			1			False
71			46			1			True
15			59			1			False
78			14			1			True
59			5			1			False
6			75			1			True
60			43			1			True
17			68			1			False
40			16			1			False
6			96			1			False
9			37			1			True
1			41			1			False
13			35			1			True
94			34			1			True
41			51			1			True
88			59			1			False
33			43			1			True
47			68			1			True
73			38			1			True
77			37			1			True
73			98			1			True
25			2			1			True
52			84			1			True
34			73			1			False
89			18			1			True
81			9			1			True
76			91			1			True
27			43			1			True
96			3			1			True
34			96			1			True
8			58			1			False
59			18			1			True
63			89			1			True
37			24			1			False
59			35			1			True
94			39			1			False
52			40			1			False
48			52			1			True
45			35			1			True
39			93			1			False
50			10			1			False
36			13			1			True
59			93			1			False
28			98			1			True
47			77			1			True
37			58			1			False
67			42			1			True
55			70			1			True
96			60			1			False
73			87			1			False
41			67			1			True
27			26			1			True
66			5			1			True
14			50			1			False
35			62			1			False
32			100			1			True
8			28			1			False
32			88			1			False
45			79			1			False
100			62			1			False
49			84			1			False
87			28			1			False
43			28			1			True
47			26			1			True
73			75			1			True
18			8			1			False
16			22			1			True
67			66			1			False
96			60			1			False
64			27			1			True
41			13			1			True
17			68			1			False
67			2			1			True
34			46			1			False
27			74			1			True
10			7			1			False
63			17			1			False
66			3			1			False
59			93			1			False
10			95			1			True
79			76			1			False
30			66			1			False
97			27			1			False
100			81			1			True
23			77			1			False
61			71			1			False
67			38			1			False
70			46			1			False
2			73			1			True
86			49			1			False
7			28			1			False
71			86			1			False
83			90			1			False
76			34			1			True
74			72			1			True
93			73			1			False
73			33			1			False
53			26			1			True
71			53			1			False
81			93			1			False
44			55			1			True
85			72			1			False
1			49			1			True
76			74			1			True
87			47			1			False
47			95			1			True
15			99			1			True
44			47			1			True
69			86			1			False
89			49			1			False
78			50			1			False
95			30			1			True
8			13			1			False
33			14			1			False
59			60			1			True
23			99			1			False
63			19			1			False
39			63			1			False
25			1			1			True
46			92			1			False
19			48			1			True
15			62			1			False
73			97			1			True
35			14			1			True
37			72			1			True
14			54			1			True
52			40			1			True
80			69			1			False
22			20			1			False
62			7			1			False
69			93			1			False
77			44			1			False
94			19			1			True
27			82			1			True
99			14			1			True
91			50			1			False
78			71			1			True
50			21			1			False
14			1			1			False
10			11			1			True
70			25			1			True
93			80			1			True
93			40			1			False
90			65			1			False
77			36			1			True
68			59			1			False
42			76			1			True
3			56			1			True
95			1			1			True
53			12			1			True
96			84			1			True
55			10			1			False
88			55			1			True
15			74			1			True
42			97			1			False
57			96			1			True
1			65			1			True
81			39			1			False
73			34			1			True
60			12			1			False
100			55			1			True
27			66			1			True
31			17			1			True
38			89			1			True
94			23			1			False
3			94			1			True
83			94			1			False
29			1			1			False
69			37			1			False
19			17			1			True
85			40			1			False
38			21			1			True
73			23			1			False
68			64			1			True
68			30			1			True
26			63			1			True
33			6			1			False
61			77			1			True
8			63			1			False
67			68			1			False
61			32			1			True
53			42			1			True
70			89			1			True
53			18			1			False
52			49			1			False
8			80			1			False
92			75			1			False
46			79			1			False
73			83			1			False
23			26			1			False
3			25			1			False
86			4			1			False
67			19			1			False
56			14			1			True
73			13			1			True
11			49			1			False
6			69			1			False
21			95			1			True
1			60			1			False
58			27			1			True
74			64			1			True
10			64			1			True
16			44			1			False
96			42			1			True
30			69			1			False
74			94			1			True
92			93			1			True
13			76			1			False
96			18			1			True
85			44			1			False
69			15			1			False
31			13			1			True
1			79			1			True
16			46			1			False
36			88			1			True
24			80			1			True
76			85			1			True
16			64			1			False
77			7			1			False
64			65			1			True
45			33			1			False
50			44			1			False
71			48			1			False
37			6			1			True
50			73			1			False
94			72			1			True
87			53			1			False
55			66			1			True
84			20			1			True
32			50			1			False
45			9			1			True
78			66			1			True
5			82			1			True
73			23			1			False
20			60			1			True
4			66			1			True
5			4			1			True
8			86			1			False
38			98			1			True
33			14			1			False
60			7			1			False
44			56			1			True
68			34			1			True
34			38			1			False
8			55			1			False
63			95			1			True
48			86			1			True
87			37			1			False
7			66			1			False
64			43			1			True
2			84			1			True
4			97			1			True
23			1			1			False
89			76			1			True
90			70			1			True
57			38			1			True
34			38			1			False
99			31			1			False
7			71			1			False
41			99			1			True
17			64			1			True
94			17			1			True
6			44			1			True
72			16			1			False
81			31			1			True
75			87			1			False
45			4			1			False
17			19			1			True
81			67			1			False
45			28			1			False
12			36			1			False
60			81			1			False
68			21			1			False
2			86			1			True
10			68			1			False
37			23			1			False
59			73			1			True
97			87			1			False
38			20			1			True
35			6			1			True
32			56			1			False
56			10			1			True
57			48			1			False
13			15			1			False
93			28			1			False
52			97			1			True
9			99			1			True
69			88			1			False
7			4			1			True
64			11			1			True
43			3			1			False
52			61			1			True
21			62			1			False
9			35			1			True
78			75			1			False
59			73			1			True
27			14			1			True
39			32			1			False
2			63			1			True
78			92			1			True
36			27			1			True
87			29			1			False
45			42			1			False
83			46			1			False
81			64			1			False
96			84			1			False
63			18			1			True
21			22			1			True
22			9			1			True
81			82			1			True
5			61			1			True
12			53			1			True
28			63			1			True
4			98			1			True
77			97			1			True
16			73			1			False
49			61			1			False
28			2			1			True
78			14			1			False
11			2			1			True
9			73			1			True
56			47			1			True
32			51			1			False
34			29			1			False
44			72			1			True
8			90			1			False
82			23			1			True
73			12			1			False
62			8			1			False
54			80			1			False
81			54			1			True
15			83			1			True
9			17			1			True
98			39			1			False
29			1			1			False
21			87			1			False
34			61			1			False
15			2			1			False
41			67			1			True
14			82			1			True
36			15			1			False
44			3			1			True
87			7			1			False
3			74			1			True
75			42			1			False
82			7			1			True
12			48			1			False
26			23			1			False
20			66			1			True
58			41			1			True
88			22			1			False
39			24			1			False
3			81			1			True
18			92			1			True
95			38			1			False
6			26			1			True
28			56			1			True
48			97			1			False
44			60			1			False
41			49			1			True
57			14			1			False
89			90			1			True
53			86			1			True
62			94			1			True
45			2			1			True
98			57			1			True
53			82			1			False
54			10			1			True
38			13			1			False
61			46			1			False
23			27			1			False
90			84			1			False
92			84			1			True
94			67			1			False
66			28			1			True
66			70			1			False
74			55			1			True
9			63			1			True
52			10			1			False
12			29			1			False
99			70			1			False
77			81			1			True
19			98			1			True
32			34			1			False
5			1			1			False
56			29			1			True
100			65			1			True
88			26			1			True
39			15			1			False
79			64			1			False
3			28			1			True
13			48			1			True
33			69			1			False
25			75			1			True
94			15			1			True
28			91			1			True
5			47			1			False
51			78			1			True
15			31			1			True
97			79			1			False
60			57			1			True
51			61			1			True
57			53			1			False
63			16			1			False
9			17			1			True
94			99			1			True
7			48			1			True
96			43			1			False
66			86			1			False
94			64			1			False
80			22			1			True
91			30			1			True
33			62			1			False
12			11			1			False
45			10			1			True
53			15			1			False
100			15			1			True
73			49			1			False
69			50			1			False
70			44			1			True
55			64			1			True
98			12			1			True
16			40			1			False
76			87			1			False
97			10			1			True
8			12			1			True
70			41			1			True
64			60			1			False
88			17			1			True
25			38			1			True
71			55			1			False
36			2			1			True
25			94			1			True
19			41			1			True
10			43			1			False
81			10			1			True
65			25			1			True
36			99			1			True
43			56			1			True
35			57			1			True
67			39			1			True
34			56			1			True
83			21			1			False
73			55			1			True
76			40			1			True
86			36			1			True
27			98			1			True
40			32			1			True
78			91			1			False
61			26			1			True
56			48			1			True
36			35			1			True
10			44			1			False
22			54			1			False
16			68			1			False
31			29			1			True
70			57			1			False
24			20			1			False
23			91			1			False
75			14			1			True
43			62			1			True
89			87			1			False
95			11			1			True
33			74			1			False
12			34			1			False
80			86			1			True
70			82			1			True
24			54			1			False
45			39			1			True
69			74			1			False
64			73			1			True
89			57			1			False
50			65			1			False
61			51			1			True
54			17			1			True
70			16			1			False
13			24			1			False
62			12			1			False
99			15			1			True
56			66			1			False
48			45			1			True
9			21			1			True
81			46			1			False
5			64			1			False
28			76			1			False
62			85			1			True
29			62			1			False
97			80			1			False
74			18			1			True
61			47			1			True
76			77			1			False
95			22			1			False
22			35			1			False
10			21			1			True
15			72			1			True
1			66			1			False
75			43			1			True
1			83			1			True
31			90			1			True
91			29			1			True
52			61			1			True
55			30			1			True
16			100			1			False
96			23			1			False
86			31			1			True
37			41			1			False
48			1			1			False
67			69			1			False
3			62			1			False
4			90			1			False
30			2			1			True
6			50			1			False
66			23			1			False
6			18			1			True
17			73			1			True
90			87			1			False
38			2			1			True
73			13			1			True
59			85			1			False
6			23			1			False
63			88			1			True
88			20			1			True
26			67			1			True
35			33			1			True
57			59			1			True
31			22			1			True
51			89			1			True
66			17			1			False
75			20			1			False
39			62			1			False
15			99			1			True
87			4			1			False
21			19			1			True
35			79			1			False
93			42			1			False
74			48			1			True
32			36			1			True
24			81			1			False
77			96			1			True
55			96			1			True
40			28			1			True
80			51			1			True
22			14			1			True
67			57			1			False
66			99			1			False
93			18			1			False
40			1			1			False
40			30			1			False
11			93			1			False
56			50			1			False
70			99			1			True
75			11			1			True
30			56			1			True
10			22			1			False
13			92			1			True
58			16			1			False
4			72			1			False
67			37			1			True
76			75			1			True
71			92			1			False
58			19			1			True
38			46			1			False
43			55			1			True
56			86			1			True
20			33			1			True
5			58			1			True
88			74			1			True
38			10			1			True
38			20			1			True
12			44			1			False
75			6			1			True
94			36			1			False
83			45			1			False
76			59			1			False
24			37			1			True
6			36			1			True
16			48			1			False
9			71			1			False
37			14			1			True
43			24			1			False
3			41			1			True
95			10			1			True
2			90			1			True
20			67			1			False
56			54			1			False
9			80			1			True
86			71			1			False
53			57			1			False
89			17			1			True
63			88			1			False
100			3			1			True
28			50			1			False
34			5			1			True
4			21			1			False
8			65			1			False
93			10			1			True
58			72			1			True
60			37			1			False
17			37			1			True
95			46			1			False
81			59			1			False
27			42			1			True
33			62			1			False
75			20			1			False
50			58			1			False
82			3			1			True
8			64			1			False
22			100			1			True
16			78			1			False
79			47			1			False
54			65			1			False
87			54			1			False
48			76			1			True
41			9			1			True
90			27			1			False
2			76			1			True
83			62			1			True
60			63			1			False
80			15			1			False
63			56			1			True
30			29			1			True
98			12			1			True
10			68			1			True
59			24			1			True
15			55			1			False
29			43			1			True
60			47			1			True
13			72			1			True
35			30			1			True
20			91			1			True
82			63			1			False
23			90			1			False
81			30			1			True
71			53			1			False
80			96			1			True
20			57			1			True
39			54			1			False
100			72			1			False
41			55			1			True
93			70			1			False
32			43			1			False
91			100			1			True
9			55			1			True
5			51			1			False
16			77			1			True
89			59			1			True
77			96			1			True
28			66			1			False
25			88			1			True
53			3			1			False
94			56			1			False
20			47			1			False
16			79			1			False
17			92			1			False
21			10			1			True
3			14			1			True
23			90			1			False
11			65			1			True
100			93			1			False
83			12			1			False
62			68			1			True
49			81			1			False
42			15			1			True
95			74			1			True
71			85			1			False
94			21			1			False
82			66			1			True
12			100			1			False
86			73			1			True
12			11			1			False
50			6			1			False
39			71			1			False
28			51			1			True
44			74			1			False
62			32			1			False
72			66			1			False
54			20			1			False
28			79			1			False
18			85			1			False
82			92			1			False
74			98			1			True
30			53			1			True
78			94			1			True
17			70			1			True
56			48			1			True
71			29			1			False
50			8			1			False
82			54			1			True
12			72			1			True
82			56			1			True
79			89			1			False
3			30			1			True
94			47			1			False
60			2			1			True
35			98			1			True
56			77			1			True
78			82			1			True
16			74			1			False
100			21			1			True
54			22			1			True
100			6			1			True
18			31			1			True
45			59			1			True
6			37			1			True
93			96			1			False
60			69			1			False
43			63			1			True
41			34			1			False
51			38			1			False
40			77			1			False
91			70			1			True
68			21			1			False
5			52			1			False
23			82			1			True
74			66			1			True
25			9			1			True
33			78			1			True
15			14			1			True
47			7			1			False
77			61			1			True
11			3			1			True
2			98			1			False
6			45			1			False
80			15			1			False
46			99			1			False
69			75			1			False
75			51			1			True
100			57			1			False
70			75			1			True
84			91			1			False
45			53			1			True
30			73			1			True
32			30			1			True
50			21			1			False
71			65			1			True
85			62			1			False
10			21			1			True
68			78			1			True
35			92			1			True
3			87			1			False
32			33			1			True
60			31			1			True
3			73			1			True
88			79			1			False
24			53			1			False
16			92			1			False
32			3			1			False
19			31			1			True
13			35			1			False
56			98			1			True
76			29			1			True
7			5			1			False
5			87			1			False
64			32			1			True
38			50			1			False
33			58			1			False
38			65			1			False
73			71			1			False
33			92			1			True
69			24			1			False
42			60			1			False
71			64			1			False
94			13			1			True
86			58			1			True
95			60			1			True
50			45			1			False
48			45			1			True
92			20			1			True